[2021-10-20][13:25:57][rasusa][[37mINFO[0m] Target number of bases to subsample to is: 30000000000
[2021-10-20][13:25:57][rasusa][[37mINFO[0m] Gathering read lengths...
[2021-10-20][13:56:22][rasusa][[37mINFO[0m] 971870700 reads detected in the first input
[2021-10-20][13:57:16][rasusa][[37mINFO[0m] Keeping 100074279 reads from each input
[2021-10-20][15:05:51][rasusa][[37mINFO[0m] Gathering read lengths for second input file...
[2021-10-20][15:42:27][rasusa][[37mINFO[0m] Both input files have the same number of reads (971870700) 👍
[2021-10-20][17:10:25][rasusa][[37mINFO[0m] Actual coverage of kept reads is 29.99x
[2021-10-20][17:10:25][rasusa][[37mINFO[0m] Done 🎉


-----------------------------------------------
NOVOPlasty: The Organelle Assembler
Version 4.2
Author: Nicolas Dierckxsens, (c) 2015-2020
-----------------------------------------------


Input parameters from the configuration file:   *** Verify if everything is correct ***

Project:
-----------------------
Project name          = COPE-0773
Type                  = mito
Genome range          = 18000-22000
K-mer                 = 75
Max memory            = 
Extended log          = 1
Save assembled reads  = 2
Seed Input            = /work/hobi/jselwyn/Coryphopterus_Genome/Reference_Sequence/chya_co1.fasta
Extend seed directly  = 
Reference sequence    = 
Variance detection    = 
Chloroplast sequence  = 

Dataset 1:
-----------------------
Read Length           = 150
Insert size           = 300
Platform              = illumina
Single/Paired         = PE
Combined reads        = 
Forward reads         = COPE-0773.sub.r1.fq.gz
Reverse reads         = COPE-0773.sub.r2.fq.gz

Heteroplasmy:
-----------------------
Heteroplasmy          = 
HP exclude list       = 
PCR-free              = 

Optional:
-----------------------
Insert size auto      = yes
Use Quality Scores    = 


Reading Input......OK

Building Hash Table...