[2021-10-16 17:29:14,590] multiqc                                            [DEBUG  ]  No MultiQC config found: /home/apps/python/gcc7/3.7.4/lib/python3.7/site-packages/multiqc_config.yaml
[2021-10-16 17:29:14,591] multiqc                                            [DEBUG  ]  No MultiQC config found: /home/jselwyn/.multiqc_config.yaml
[2021-10-16 17:29:14,592] multiqc                                            [DEBUG  ]  No MultiQC config found: multiqc_config.yaml
[2021-10-16 17:29:14,592] multiqc                                            [DEBUG  ]  Command used: /home/apps/python/gcc7/3.7.4/bin/multiqc fq_fp1_clmp_fp2_fqscrn -n fq_fp1_clmp_fp2_fqscrn/multiqc_report
[2021-10-16 17:29:15,630] multiqc                                            [DEBUG  ]  Could not connect to multiqc.info for version check: <urlopen error [SSL: CERTIFICATE_VERIFY_FAILED] certificate verify failed: unable to get local issuer certificate (_ssl.c:1076)>
[2021-10-16 17:29:15,630] multiqc                                            [INFO   ]  This is MultiQC v1.9
[2021-10-16 17:29:15,630] multiqc                                            [DEBUG  ]  Command     : /home/apps/python/gcc7/3.7.4/bin/multiqc fq_fp1_clmp_fp2_fqscrn -n fq_fp1_clmp_fp2_fqscrn/multiqc_report
[2021-10-16 17:29:15,631] multiqc                                            [DEBUG  ]  Working dir : /work/hobi/jselwyn/Coryphopterus_Genome
[2021-10-16 17:29:15,631] multiqc                                            [INFO   ]  Template    : default
[2021-10-16 17:29:15,631] multiqc                                            [DEBUG  ]  Running Python 3.7.4 (default, Oct 10 2019, 13:29:06)  [GCC 7.3.0]
[2021-10-16 17:29:15,631] multiqc                                            [INFO   ]  Searching   : /work/hobi/jselwyn/Coryphopterus_Genome/fq_fp1_clmp_fp2_fqscrn
[2021-10-16 17:29:15,631] multiqc                                            [DEBUG  ]  Analysing modules: custom_content, conpair, peddy, somalier, methylQA, mosdepth, phantompeakqualtools, qualimap, preseq, quast, qorts, rna_seqc, rockhopper, rsem, rseqc, busco, goleft_indexcov, disambiguate, supernova, deeptools, sargasso, verifybamid, mirtrace, happy, mirtop, homer, macs2, theta2, snpeff, gatk, htseq, bcftools, featureCounts, fgbio, dragen, dedup, damageprofiler, biobambam2, mtnucratio, picard, prokka, samblaster, samtools, sexdeterrmine, bamtools, jellyfish, vcftools, longranger, stacks, varscan2, bbmap, bismark, biscuit, hicexplorer, hicup, hicpro, salmon, kallisto, slamdunk, star, hisat2, tophat, bowtie2, bowtie1, snpsplit, kat, leehom, adapterRemoval, clipandmerge, cutadapt, flexbar, kaiju, kraken, malt, trimmomatic, sickle, skewer, sortmerna, biobloomtools, fastq_screen, afterqc, fastp, fastqc, pycoqc, minionqc, multivcfanalyzer, clusterflow, bcl2fastq, interop, ivar, flash, seqyclean
[2021-10-16 17:29:15,631] multiqc                                            [DEBUG  ]  Using temporary directory for creating report: /tmp/tmpn2wf21rf
[2021-10-16 17:29:15,868] multiqc                                            [DEBUG  ]  Ignoring file as matched an ignore pattern: COPE-0922.clmp.fp2_r1.tagged_filter.fastq.gz
[2021-10-16 17:29:15,868] multiqc                                            [DEBUG  ]  Ignoring file as matched an ignore pattern: COPE-0922.clmp.fp2_r1.tagged.fastq.gz
[2021-10-16 17:29:15,871] multiqc                                            [DEBUG  ]  Ignoring file as matched an ignore pattern: COPE-0922.clmp.fp2_r2.tagged.fastq.gz
[2021-10-16 17:29:15,874] multiqc                                            [DEBUG  ]  Ignoring file as matched an ignore pattern: COPE-0773.clmp.fp2_r2.tagged_filter.fastq.gz
[2021-10-16 17:29:15,877] multiqc                                            [DEBUG  ]  Ignoring file as matched an ignore pattern: COPE-0922.clmp.fp2_r1_screen.html
[2021-10-16 17:29:15,878] multiqc                                            [DEBUG  ]  Ignoring file as matched an ignore pattern: COPE-0922.clmp.fp2_r2_screen.html
[2021-10-16 17:29:15,878] multiqc                                            [DEBUG  ]  Ignoring file as matched an ignore pattern: COPE-0922.clmp.fp2_r2.tagged_filter.fastq.gz
[2021-10-16 17:29:15,878] multiqc                                            [DEBUG  ]  Ignoring file as matched an ignore pattern: COPE-0773.clmp.fp2_r1_screen.html
[2021-10-16 17:29:15,878] multiqc                                            [DEBUG  ]  Ignoring file as matched an ignore pattern: COPE-0773.clmp.fp2_r1.tagged.fastq.gz
[2021-10-16 17:29:15,879] multiqc                                            [DEBUG  ]  Ignoring file as matched an ignore pattern: COPE-0773.clmp.fp2_r1.tagged_filter.fastq.gz
[2021-10-16 17:29:15,879] multiqc                                            [DEBUG  ]  Ignoring file as matched an ignore pattern: COPE-0773.clmp.fp2_r2.tagged.fastq.gz
[2021-10-16 17:29:15,879] multiqc                                            [DEBUG  ]  Ignoring file as matched an ignore pattern: COPE-0773.clmp.fp2_r2_screen.html
[2021-10-16 17:29:17,295] multiqc.plots.bargraph                             [DEBUG  ]  Using matplotlib version 3.1.1
[2021-10-16 17:29:17,297] multiqc.plots.linegraph                            [DEBUG  ]  Using matplotlib version 3.1.1
[2021-10-16 17:29:17,320] multiqc                                            [DEBUG  ]  No samples found: custom_content
[2021-10-16 17:29:17,341] multiqc                                            [DEBUG  ]  No samples found: conpair
[2021-10-16 17:29:17,372] multiqc                                            [DEBUG  ]  No samples found: peddy
[2021-10-16 17:29:17,409] multiqc                                            [DEBUG  ]  No samples found: somalier
[2021-10-16 17:29:17,427] multiqc                                            [DEBUG  ]  No samples found: methylQA
[2021-10-16 17:29:17,476] multiqc                                            [DEBUG  ]  No samples found: mosdepth
[2021-10-16 17:29:17,509] multiqc                                            [DEBUG  ]  No samples found: phantompeakqualtools
[2021-10-16 17:29:17,520] multiqc                                            [DEBUG  ]  No samples found: qualimap
[2021-10-16 17:29:17,539] multiqc                                            [DEBUG  ]  No samples found: preseq
[2021-10-16 17:29:17,565] multiqc                                            [DEBUG  ]  No samples found: quast
[2021-10-16 17:29:17,599] multiqc                                            [DEBUG  ]  No samples found: qorts
[2021-10-16 17:29:17,623] multiqc                                            [DEBUG  ]  No samples found: rna_seqc
[2021-10-16 17:29:17,661] multiqc                                            [DEBUG  ]  No samples found: rockhopper
[2021-10-16 17:29:17,668] multiqc                                            [DEBUG  ]  No samples found: rsem
[2021-10-16 17:29:17,736] multiqc                                            [DEBUG  ]  No samples found: rseqc
[2021-10-16 17:29:17,751] multiqc                                            [DEBUG  ]  No samples found: busco
[2021-10-16 17:29:17,771] multiqc                                            [DEBUG  ]  No samples found: goleft_indexcov
[2021-10-16 17:29:17,787] multiqc                                            [DEBUG  ]  No samples found: disambiguate
[2021-10-16 17:29:17,818] multiqc                                            [DEBUG  ]  No samples found: supernova
[2021-10-16 17:29:17,880] multiqc                                            [DEBUG  ]  No samples found: deeptools
[2021-10-16 17:29:17,908] multiqc                                            [DEBUG  ]  No samples found: sargasso
[2021-10-16 17:29:17,915] multiqc                                            [DEBUG  ]  No samples found: verifybamid
[2021-10-16 17:29:17,942] multiqc                                            [DEBUG  ]  No samples found: mirtrace
[2021-10-16 17:29:17,959] multiqc                                            [DEBUG  ]  No samples found: happy
[2021-10-16 17:29:17,980] multiqc                                            [DEBUG  ]  No samples found: mirtop
[2021-10-16 17:29:18,026] multiqc                                            [DEBUG  ]  No samples found: homer
[2021-10-16 17:29:18,066] multiqc                                            [DEBUG  ]  No samples found: macs2
[2021-10-16 17:29:18,086] multiqc                                            [DEBUG  ]  No samples found: theta2
[2021-10-16 17:29:18,111] multiqc                                            [DEBUG  ]  No samples found: snpeff
[2021-10-16 17:29:18,152] multiqc                                            [DEBUG  ]  No samples found: gatk
[2021-10-16 17:29:18,164] multiqc                                            [DEBUG  ]  No samples found: htseq
[2021-10-16 17:29:18,201] multiqc                                            [DEBUG  ]  No samples found: bcftools
[2021-10-16 17:29:18,216] multiqc                                            [DEBUG  ]  No samples found: featureCounts
[2021-10-16 17:29:18,282] multiqc                                            [DEBUG  ]  No samples found: fgbio
[2021-10-16 17:29:18,298] multiqc                                            [DEBUG  ]  No samples found: dragen
[2021-10-16 17:29:18,340] multiqc                                            [DEBUG  ]  No samples found: dedup
[2021-10-16 17:29:18,355] multiqc                                            [DEBUG  ]  No samples found: damageprofiler
[2021-10-16 17:29:18,427] multiqc                                            [DEBUG  ]  No samples found: biobambam2
[2021-10-16 17:29:18,456] multiqc                                            [DEBUG  ]  No samples found: mtnucratio
[2021-10-16 17:29:18,461] multiqc                                            [DEBUG  ]  No samples found: picard
[2021-10-16 17:29:18,484] multiqc                                            [DEBUG  ]  No samples found: prokka
[2021-10-16 17:29:18,502] multiqc                                            [DEBUG  ]  No samples found: samblaster
[2021-10-16 17:29:18,542] multiqc                                            [DEBUG  ]  No samples found: samtools
[2021-10-16 17:29:18,581] multiqc                                            [DEBUG  ]  No samples found: sexdeterrmine
[2021-10-16 17:29:18,613] multiqc                                            [DEBUG  ]  No samples found: bamtools
[2021-10-16 17:29:18,631] multiqc                                            [DEBUG  ]  No samples found: jellyfish
[2021-10-16 17:29:18,691] multiqc                                            [DEBUG  ]  No samples found: vcftools
[2021-10-16 17:29:18,710] multiqc                                            [DEBUG  ]  No samples found: longranger
[2021-10-16 17:29:18,717] multiqc                                            [DEBUG  ]  No samples found: stacks
[2021-10-16 17:29:18,734] multiqc                                            [DEBUG  ]  No samples found: varscan2
[2021-10-16 17:29:18,826] multiqc                                            [DEBUG  ]  No samples found: bbmap
[2021-10-16 17:29:18,834] multiqc                                            [DEBUG  ]  No samples found: bismark
[2021-10-16 17:29:18,883] multiqc                                            [DEBUG  ]  No samples found: biscuit
[2021-10-16 17:29:18,917] multiqc                                            [DEBUG  ]  No samples found: hicexplorer
[2021-10-16 17:29:18,936] multiqc                                            [DEBUG  ]  No samples found: hicup
[2021-10-16 17:29:18,961] multiqc                                            [DEBUG  ]  No samples found: hicpro
[2021-10-16 17:29:18,994] multiqc                                            [DEBUG  ]  No samples found: salmon
[2021-10-16 17:29:19,010] multiqc                                            [DEBUG  ]  No samples found: kallisto
[2021-10-16 17:29:19,032] multiqc                                            [DEBUG  ]  No samples found: slamdunk
[2021-10-16 17:29:19,051] multiqc                                            [DEBUG  ]  No samples found: star
[2021-10-16 17:29:19,085] multiqc                                            [DEBUG  ]  No samples found: hisat2
[2021-10-16 17:29:19,124] multiqc                                            [DEBUG  ]  No samples found: tophat
[2021-10-16 17:29:19,131] multiqc                                            [DEBUG  ]  No samples found: bowtie2
[2021-10-16 17:29:19,151] multiqc                                            [DEBUG  ]  No samples found: bowtie1
[2021-10-16 17:29:19,183] multiqc                                            [DEBUG  ]  No samples found: snpsplit
[2021-10-16 17:29:19,190] multiqc                                            [DEBUG  ]  No samples found: kat
[2021-10-16 17:29:19,207] multiqc                                            [DEBUG  ]  No samples found: leehom
[2021-10-16 17:29:19,227] multiqc                                            [DEBUG  ]  No samples found: adapterRemoval
[2021-10-16 17:29:19,234] multiqc                                            [DEBUG  ]  No samples found: clipandmerge
[2021-10-16 17:29:19,241] multiqc                                            [DEBUG  ]  No samples found: cutadapt
[2021-10-16 17:29:19,261] multiqc                                            [DEBUG  ]  No samples found: flexbar
[2021-10-16 17:29:19,290] multiqc                                            [DEBUG  ]  No samples found: kaiju
[2021-10-16 17:29:19,298] multiqc                                            [DEBUG  ]  No samples found: kraken
[2021-10-16 17:29:19,329] multiqc                                            [DEBUG  ]  No samples found: malt
[2021-10-16 17:29:19,342] multiqc                                            [DEBUG  ]  No samples found: trimmomatic
[2021-10-16 17:29:19,359] multiqc                                            [DEBUG  ]  No samples found: sickle
[2021-10-16 17:29:19,384] multiqc                                            [DEBUG  ]  No samples found: skewer
[2021-10-16 17:29:19,415] multiqc                                            [DEBUG  ]  No samples found: sortmerna
[2021-10-16 17:29:19,438] multiqc                                            [DEBUG  ]  No samples found: biobloomtools
[2021-10-16 17:29:20,201] multiqc.modules.fastq_screen.fastq_screen          [INFO   ]  Found 4 reports
[2021-10-16 17:29:20,246] multiqc                                            [DEBUG  ]  No samples found: afterqc
[2021-10-16 17:29:20,254] multiqc                                            [DEBUG  ]  No samples found: fastp
[2021-10-16 17:29:20,295] multiqc                                            [DEBUG  ]  No samples found: fastqc
[2021-10-16 17:29:20,335] multiqc                                            [DEBUG  ]  No samples found: pycoqc
[2021-10-16 17:29:20,367] multiqc                                            [DEBUG  ]  No samples found: minionqc
[2021-10-16 17:29:20,387] multiqc                                            [DEBUG  ]  No samples found: multivcfanalyzer
[2021-10-16 17:29:20,394] multiqc                                            [DEBUG  ]  No samples found: clusterflow
[2021-10-16 17:29:20,414] multiqc                                            [DEBUG  ]  No samples found: bcl2fastq
[2021-10-16 17:29:20,442] multiqc                                            [DEBUG  ]  No samples found: interop
[2021-10-16 17:29:20,473] multiqc                                            [DEBUG  ]  No samples found: ivar
[2021-10-16 17:29:20,480] multiqc                                            [DEBUG  ]  No samples found: flash
[2021-10-16 17:29:20,499] multiqc                                            [DEBUG  ]  No samples found: seqyclean
[2021-10-16 17:29:20,499] multiqc                                            [INFO   ]  Compressing plot data
[2021-10-16 17:29:20,503] multiqc                                            [INFO   ]  Report      : fq_fp1_clmp_fp2_fqscrn/multiqc_report.html
[2021-10-16 17:29:20,503] multiqc                                            [INFO   ]  Data        : fq_fp1_clmp_fp2_fqscrn/multiqc_report_data
[2021-10-16 17:29:20,503] multiqc                                            [DEBUG  ]  Moving data file from '/tmp/tmpn2wf21rf/multiqc_data' to '/work/hobi/jselwyn/Coryphopterus_Genome/fq_fp1_clmp_fp2_fqscrn/multiqc_report_data'
[2021-10-16 17:29:21,920] multiqc                                            [INFO   ]  MultiQC complete
