[2021-10-14 22:33:10,753] multiqc                                            [DEBUG  ]  No MultiQC config found: /home/apps/python/gcc7/3.7.4/lib/python3.7/site-packages/multiqc_config.yaml
[2021-10-14 22:33:10,754] multiqc                                            [DEBUG  ]  No MultiQC config found: /home/jselwyn/.multiqc_config.yaml
[2021-10-14 22:33:10,755] multiqc                                            [DEBUG  ]  No MultiQC config found: multiqc_config.yaml
[2021-10-14 22:33:10,755] multiqc                                            [DEBUG  ]  Command used: /home/apps/python/gcc7/3.7.4/bin/multiqc fq_fp1_clmp_fp2 -n fq_fp1_clmp_fp2/2nd_fastp_report
[2021-10-14 22:33:11,831] multiqc                                            [DEBUG  ]  Could not connect to multiqc.info for version check: <urlopen error [SSL: CERTIFICATE_VERIFY_FAILED] certificate verify failed: unable to get local issuer certificate (_ssl.c:1076)>
[2021-10-14 22:33:11,831] multiqc                                            [INFO   ]  This is MultiQC v1.9
[2021-10-14 22:33:11,831] multiqc                                            [DEBUG  ]  Command     : /home/apps/python/gcc7/3.7.4/bin/multiqc fq_fp1_clmp_fp2 -n fq_fp1_clmp_fp2/2nd_fastp_report
[2021-10-14 22:33:11,832] multiqc                                            [DEBUG  ]  Working dir : /work/hobi/jselwyn/Coryphopterus_Genome
[2021-10-14 22:33:11,832] multiqc                                            [INFO   ]  Template    : default
[2021-10-14 22:33:11,832] multiqc                                            [DEBUG  ]  Running Python 3.7.4 (default, Oct 10 2019, 13:29:06)  [GCC 7.3.0]
[2021-10-14 22:33:11,832] multiqc                                            [INFO   ]  Searching   : /work/hobi/jselwyn/Coryphopterus_Genome/fq_fp1_clmp_fp2
[2021-10-14 22:33:11,832] multiqc                                            [DEBUG  ]  Analysing modules: custom_content, conpair, peddy, somalier, methylQA, mosdepth, phantompeakqualtools, qualimap, preseq, quast, qorts, rna_seqc, rockhopper, rsem, rseqc, busco, goleft_indexcov, disambiguate, supernova, deeptools, sargasso, verifybamid, mirtrace, happy, mirtop, homer, macs2, theta2, snpeff, gatk, htseq, bcftools, featureCounts, fgbio, dragen, dedup, damageprofiler, biobambam2, mtnucratio, picard, prokka, samblaster, samtools, sexdeterrmine, bamtools, jellyfish, vcftools, longranger, stacks, varscan2, bbmap, bismark, biscuit, hicexplorer, hicup, hicpro, salmon, kallisto, slamdunk, star, hisat2, tophat, bowtie2, bowtie1, snpsplit, kat, leehom, adapterRemoval, clipandmerge, cutadapt, flexbar, kaiju, kraken, malt, trimmomatic, sickle, skewer, sortmerna, biobloomtools, fastq_screen, afterqc, fastp, fastqc, pycoqc, minionqc, multivcfanalyzer, clusterflow, bcl2fastq, interop, ivar, flash, seqyclean
[2021-10-14 22:33:11,832] multiqc                                            [DEBUG  ]  Using temporary directory for creating report: /tmp/tmpgvoip0q_
[2021-10-14 22:33:12,100] multiqc                                            [DEBUG  ]  Ignoring file as matched an ignore pattern: COPE-0773.clmp.fp2_r1.fq.gz
[2021-10-14 22:33:12,100] multiqc                                            [DEBUG  ]  Ignoring file as matched an ignore pattern: COPE-0922.clmp.fp2_r2.fq.gz
[2021-10-14 22:33:12,154] multiqc                                            [DEBUG  ]  Ignoring file as matched an ignore pattern: COPE-0773.clmp.fp2_r2.fq.gz
[2021-10-14 22:33:12,155] multiqc                                            [DEBUG  ]  Ignoring file as matched an ignore pattern: COPE-0922.clmp.fp2_r1.fq.gz
[2021-10-14 22:33:12,155] multiqc                                            [DEBUG  ]  Ignoring file as matched an ignore pattern: COPE-0922.clmp.r1r2_fastp.html
[2021-10-14 22:33:12,155] multiqc                                            [DEBUG  ]  Ignoring file as matched an ignore pattern: COPE-0773.clmp.r1r2_fastp.html
[2021-10-14 22:33:12,155] multiqc                                            [DEBUG  ]  Ignoring file as matched an ignore pattern: COPE-0922.clmp.fp2_fail.fq.gz
[2021-10-14 22:33:12,155] multiqc                                            [DEBUG  ]  Ignoring file as matched an ignore pattern: COPE-0922.clmp.fp2_unprd.fq.gz
[2021-10-14 22:33:12,155] multiqc                                            [DEBUG  ]  Ignoring file as matched an ignore pattern: COPE-0773.clmp.fp2_fail.fq.gz
[2021-10-14 22:33:12,155] multiqc                                            [DEBUG  ]  Ignoring file as matched an ignore pattern: COPE-0773.clmp.fp2_unprd.fq.gz
[2021-10-14 22:33:12,604] multiqc.plots.bargraph                             [DEBUG  ]  Using matplotlib version 3.1.1
[2021-10-14 22:33:12,606] multiqc.plots.linegraph                            [DEBUG  ]  Using matplotlib version 3.1.1
[2021-10-14 22:33:12,609] multiqc                                            [DEBUG  ]  No samples found: custom_content
[2021-10-14 22:33:12,617] multiqc                                            [DEBUG  ]  No samples found: conpair
[2021-10-14 22:33:12,624] multiqc                                            [DEBUG  ]  No samples found: peddy
[2021-10-14 22:33:12,631] multiqc                                            [DEBUG  ]  No samples found: somalier
[2021-10-14 22:33:12,638] multiqc                                            [DEBUG  ]  No samples found: methylQA
[2021-10-14 22:33:12,648] multiqc                                            [DEBUG  ]  No samples found: mosdepth
[2021-10-14 22:33:12,655] multiqc                                            [DEBUG  ]  No samples found: phantompeakqualtools
[2021-10-14 22:33:12,660] multiqc                                            [DEBUG  ]  No samples found: qualimap
[2021-10-14 22:33:12,667] multiqc                                            [DEBUG  ]  No samples found: preseq
[2021-10-14 22:33:12,674] multiqc                                            [DEBUG  ]  No samples found: quast
[2021-10-14 22:33:12,681] multiqc                                            [DEBUG  ]  No samples found: qorts
[2021-10-14 22:33:12,688] multiqc                                            [DEBUG  ]  No samples found: rna_seqc
[2021-10-14 22:33:12,694] multiqc                                            [DEBUG  ]  No samples found: rockhopper
[2021-10-14 22:33:12,701] multiqc                                            [DEBUG  ]  No samples found: rsem
[2021-10-14 22:33:12,715] multiqc                                            [DEBUG  ]  No samples found: rseqc
[2021-10-14 22:33:12,722] multiqc                                            [DEBUG  ]  No samples found: busco
[2021-10-14 22:33:12,729] multiqc                                            [DEBUG  ]  No samples found: goleft_indexcov
[2021-10-14 22:33:12,736] multiqc                                            [DEBUG  ]  No samples found: disambiguate
[2021-10-14 22:33:12,743] multiqc                                            [DEBUG  ]  No samples found: supernova
[2021-10-14 22:33:12,756] multiqc                                            [DEBUG  ]  No samples found: deeptools
[2021-10-14 22:33:12,763] multiqc                                            [DEBUG  ]  No samples found: sargasso
[2021-10-14 22:33:12,770] multiqc                                            [DEBUG  ]  No samples found: verifybamid
[2021-10-14 22:33:12,777] multiqc                                            [DEBUG  ]  No samples found: mirtrace
[2021-10-14 22:33:12,784] multiqc                                            [DEBUG  ]  No samples found: happy
[2021-10-14 22:33:12,791] multiqc                                            [DEBUG  ]  No samples found: mirtop
[2021-10-14 22:33:12,799] multiqc                                            [DEBUG  ]  No samples found: homer
[2021-10-14 22:33:12,806] multiqc                                            [DEBUG  ]  No samples found: macs2
[2021-10-14 22:33:12,813] multiqc                                            [DEBUG  ]  No samples found: theta2
[2021-10-14 22:33:12,820] multiqc                                            [DEBUG  ]  No samples found: snpeff
[2021-10-14 22:33:12,828] multiqc                                            [DEBUG  ]  No samples found: gatk
[2021-10-14 22:33:12,835] multiqc                                            [DEBUG  ]  No samples found: htseq
[2021-10-14 22:33:12,843] multiqc                                            [DEBUG  ]  No samples found: bcftools
[2021-10-14 22:33:12,850] multiqc                                            [DEBUG  ]  No samples found: featureCounts
[2021-10-14 22:33:12,858] multiqc                                            [DEBUG  ]  No samples found: fgbio
[2021-10-14 22:33:12,872] multiqc                                            [DEBUG  ]  No samples found: dragen
[2021-10-14 22:33:12,879] multiqc                                            [DEBUG  ]  No samples found: dedup
[2021-10-14 22:33:12,886] multiqc                                            [DEBUG  ]  No samples found: damageprofiler
[2021-10-14 22:33:12,909] multiqc                                            [DEBUG  ]  No samples found: biobambam2
[2021-10-14 22:33:12,916] multiqc                                            [DEBUG  ]  No samples found: mtnucratio
[2021-10-14 22:33:12,920] multiqc                                            [DEBUG  ]  No samples found: picard
[2021-10-14 22:33:12,927] multiqc                                            [DEBUG  ]  No samples found: prokka
[2021-10-14 22:33:12,934] multiqc                                            [DEBUG  ]  No samples found: samblaster
[2021-10-14 22:33:12,944] multiqc                                            [DEBUG  ]  No samples found: samtools
[2021-10-14 22:33:12,950] multiqc                                            [DEBUG  ]  No samples found: sexdeterrmine
[2021-10-14 22:33:12,958] multiqc                                            [DEBUG  ]  No samples found: bamtools
[2021-10-14 22:33:12,964] multiqc                                            [DEBUG  ]  No samples found: jellyfish
[2021-10-14 22:33:12,974] multiqc                                            [DEBUG  ]  No samples found: vcftools
[2021-10-14 22:33:12,981] multiqc                                            [DEBUG  ]  No samples found: longranger
[2021-10-14 22:33:12,988] multiqc                                            [DEBUG  ]  No samples found: stacks
[2021-10-14 22:33:12,995] multiqc                                            [DEBUG  ]  No samples found: varscan2
[2021-10-14 22:33:13,010] multiqc                                            [DEBUG  ]  No samples found: bbmap
[2021-10-14 22:33:13,018] multiqc                                            [DEBUG  ]  No samples found: bismark
[2021-10-14 22:33:13,025] multiqc                                            [DEBUG  ]  No samples found: biscuit
[2021-10-14 22:33:13,032] multiqc                                            [DEBUG  ]  No samples found: hicexplorer
[2021-10-14 22:33:13,039] multiqc                                            [DEBUG  ]  No samples found: hicup
[2021-10-14 22:33:13,045] multiqc                                            [DEBUG  ]  No samples found: hicpro
[2021-10-14 22:33:13,052] multiqc                                            [DEBUG  ]  No samples found: salmon
[2021-10-14 22:33:13,059] multiqc                                            [DEBUG  ]  No samples found: kallisto
[2021-10-14 22:33:13,066] multiqc                                            [DEBUG  ]  No samples found: slamdunk
[2021-10-14 22:33:13,073] multiqc                                            [DEBUG  ]  No samples found: star
[2021-10-14 22:33:13,080] multiqc                                            [DEBUG  ]  No samples found: hisat2
[2021-10-14 22:33:13,086] multiqc                                            [DEBUG  ]  No samples found: tophat
[2021-10-14 22:33:13,093] multiqc                                            [DEBUG  ]  No samples found: bowtie2
[2021-10-14 22:33:13,100] multiqc                                            [DEBUG  ]  No samples found: bowtie1
[2021-10-14 22:33:13,107] multiqc                                            [DEBUG  ]  No samples found: snpsplit
[2021-10-14 22:33:13,114] multiqc                                            [DEBUG  ]  No samples found: kat
[2021-10-14 22:33:13,120] multiqc                                            [DEBUG  ]  No samples found: leehom
[2021-10-14 22:33:13,127] multiqc                                            [DEBUG  ]  No samples found: adapterRemoval
[2021-10-14 22:33:13,134] multiqc                                            [DEBUG  ]  No samples found: clipandmerge
[2021-10-14 22:33:13,141] multiqc                                            [DEBUG  ]  No samples found: cutadapt
[2021-10-14 22:33:13,147] multiqc                                            [DEBUG  ]  No samples found: flexbar
[2021-10-14 22:33:13,154] multiqc                                            [DEBUG  ]  No samples found: kaiju
[2021-10-14 22:33:13,161] multiqc                                            [DEBUG  ]  No samples found: kraken
[2021-10-14 22:33:13,168] multiqc                                            [DEBUG  ]  No samples found: malt
[2021-10-14 22:33:13,175] multiqc                                            [DEBUG  ]  No samples found: trimmomatic
[2021-10-14 22:33:13,181] multiqc                                            [DEBUG  ]  No samples found: sickle
[2021-10-14 22:33:13,188] multiqc                                            [DEBUG  ]  No samples found: skewer
[2021-10-14 22:33:13,195] multiqc                                            [DEBUG  ]  No samples found: sortmerna
[2021-10-14 22:33:13,202] multiqc                                            [DEBUG  ]  No samples found: biobloomtools
[2021-10-14 22:33:13,208] multiqc                                            [DEBUG  ]  No samples found: fastq_screen
[2021-10-14 22:33:13,215] multiqc                                            [DEBUG  ]  No samples found: afterqc
[2021-10-14 22:33:13,232] multiqc.modules.fastp.fastp                        [INFO   ]  Found 2 reports
[2021-10-14 22:33:13,260] multiqc                                            [DEBUG  ]  No samples found: fastqc
[2021-10-14 22:33:13,267] multiqc                                            [DEBUG  ]  No samples found: pycoqc
[2021-10-14 22:33:13,274] multiqc                                            [DEBUG  ]  No samples found: minionqc
[2021-10-14 22:33:13,280] multiqc                                            [DEBUG  ]  No samples found: multivcfanalyzer
[2021-10-14 22:33:13,287] multiqc                                            [DEBUG  ]  No samples found: clusterflow
[2021-10-14 22:33:13,294] multiqc                                            [DEBUG  ]  No samples found: bcl2fastq
[2021-10-14 22:33:13,301] multiqc                                            [DEBUG  ]  No samples found: interop
[2021-10-14 22:33:13,308] multiqc                                            [DEBUG  ]  No samples found: ivar
[2021-10-14 22:33:13,315] multiqc                                            [DEBUG  ]  No samples found: flash
[2021-10-14 22:33:13,321] multiqc                                            [DEBUG  ]  No samples found: seqyclean
[2021-10-14 22:33:13,327] multiqc                                            [INFO   ]  Compressing plot data
[2021-10-14 22:33:13,527] multiqc                                            [INFO   ]  Report      : fq_fp1_clmp_fp2/2nd_fastp_report.html
[2021-10-14 22:33:13,527] multiqc                                            [INFO   ]  Data        : fq_fp1_clmp_fp2/2nd_fastp_report_data
[2021-10-14 22:33:13,527] multiqc                                            [DEBUG  ]  Moving data file from '/tmp/tmpgvoip0q_/multiqc_data' to '/work/hobi/jselwyn/Coryphopterus_Genome/fq_fp1_clmp_fp2/2nd_fastp_report_data'
[2021-10-14 22:33:14,881] multiqc                                            [INFO   ]  MultiQC complete
