[2021-10-13 20:30:30,527] multiqc                                            [DEBUG  ]  No MultiQC config found: /home/apps/python/gcc7/3.7.4/lib/python3.7/site-packages/multiqc_config.yaml
[2021-10-13 20:30:30,528] multiqc                                            [DEBUG  ]  No MultiQC config found: /home/jselwyn/.multiqc_config.yaml
[2021-10-13 20:30:30,529] multiqc                                            [DEBUG  ]  No MultiQC config found: multiqc_config.yaml
[2021-10-13 20:30:30,530] multiqc                                            [DEBUG  ]  Command used: /home/apps/python/gcc7/3.7.4/bin/multiqc fq_fp1 -n fq_fp1/1st_fastp_report
[2021-10-13 20:30:31,594] multiqc                                            [DEBUG  ]  Could not connect to multiqc.info for version check: <urlopen error [SSL: CERTIFICATE_VERIFY_FAILED] certificate verify failed: unable to get local issuer certificate (_ssl.c:1076)>
[2021-10-13 20:30:31,594] multiqc                                            [INFO   ]  This is MultiQC v1.9
[2021-10-13 20:30:31,595] multiqc                                            [DEBUG  ]  Command     : /home/apps/python/gcc7/3.7.4/bin/multiqc fq_fp1 -n fq_fp1/1st_fastp_report
[2021-10-13 20:30:31,595] multiqc                                            [DEBUG  ]  Working dir : /work/hobi/jselwyn/Coryphopterus_Genome
[2021-10-13 20:30:31,595] multiqc                                            [INFO   ]  Template    : default
[2021-10-13 20:30:31,595] multiqc                                            [DEBUG  ]  Running Python 3.7.4 (default, Oct 10 2019, 13:29:06)  [GCC 7.3.0]
[2021-10-13 20:30:31,595] multiqc                                            [INFO   ]  Searching   : /work/hobi/jselwyn/Coryphopterus_Genome/fq_fp1
[2021-10-13 20:30:31,596] multiqc                                            [DEBUG  ]  Analysing modules: custom_content, conpair, peddy, somalier, methylQA, mosdepth, phantompeakqualtools, qualimap, preseq, quast, qorts, rna_seqc, rockhopper, rsem, rseqc, busco, goleft_indexcov, disambiguate, supernova, deeptools, sargasso, verifybamid, mirtrace, happy, mirtop, homer, macs2, theta2, snpeff, gatk, htseq, bcftools, featureCounts, fgbio, dragen, dedup, damageprofiler, biobambam2, mtnucratio, picard, prokka, samblaster, samtools, sexdeterrmine, bamtools, jellyfish, vcftools, longranger, stacks, varscan2, bbmap, bismark, biscuit, hicexplorer, hicup, hicpro, salmon, kallisto, slamdunk, star, hisat2, tophat, bowtie2, bowtie1, snpsplit, kat, leehom, adapterRemoval, clipandmerge, cutadapt, flexbar, kaiju, kraken, malt, trimmomatic, sickle, skewer, sortmerna, biobloomtools, fastq_screen, afterqc, fastp, fastqc, pycoqc, minionqc, multivcfanalyzer, clusterflow, bcl2fastq, interop, ivar, flash, seqyclean
[2021-10-13 20:30:31,596] multiqc                                            [DEBUG  ]  Using temporary directory for creating report: /tmp/tmp2u3t7x3k
[2021-10-13 20:30:31,830] multiqc                                            [DEBUG  ]  Ignoring file as matched an ignore pattern: COPE-0773.r1.fq.gz
[2021-10-13 20:30:31,830] multiqc                                            [DEBUG  ]  Ignoring file as matched an ignore pattern: COPE-0773.r2.fq.gz
[2021-10-13 20:30:31,830] multiqc                                            [DEBUG  ]  Ignoring file as matched an ignore pattern: COPE-0922.r2.fq.gz
[2021-10-13 20:30:31,830] multiqc                                            [DEBUG  ]  Ignoring file as matched an ignore pattern: COPE-0773.fastp.html
[2021-10-13 20:30:31,830] multiqc                                            [DEBUG  ]  Ignoring file as matched an ignore pattern: COPE-0922.r1.fq.gz
[2021-10-13 20:30:31,887] multiqc                                            [DEBUG  ]  Ignoring file as matched an ignore pattern: COPE-0922.fastp.html
[2021-10-13 20:30:31,887] multiqc                                            [DEBUG  ]  Ignoring file as matched an ignore pattern: COPE-0773.fail.fq.gz
[2021-10-13 20:30:31,887] multiqc                                            [DEBUG  ]  Ignoring file as matched an ignore pattern: COPE-0922.unprd.fq.gz
[2021-10-13 20:30:31,887] multiqc                                            [DEBUG  ]  Ignoring file as matched an ignore pattern: COPE-0922.fail.fq.gz
[2021-10-13 20:30:31,888] multiqc                                            [DEBUG  ]  Ignoring file as matched an ignore pattern: COPE-0773.unprd.fq.gz
[2021-10-13 20:30:33,449] multiqc.plots.bargraph                             [DEBUG  ]  Using matplotlib version 3.1.1
[2021-10-13 20:30:33,451] multiqc.plots.linegraph                            [DEBUG  ]  Using matplotlib version 3.1.1
[2021-10-13 20:30:33,475] multiqc                                            [DEBUG  ]  No samples found: custom_content
[2021-10-13 20:30:33,498] multiqc                                            [DEBUG  ]  No samples found: conpair
[2021-10-13 20:30:33,531] multiqc                                            [DEBUG  ]  No samples found: peddy
[2021-10-13 20:30:33,554] multiqc                                            [DEBUG  ]  No samples found: somalier
[2021-10-13 20:30:33,579] multiqc                                            [DEBUG  ]  No samples found: methylQA
[2021-10-13 20:30:33,661] multiqc                                            [DEBUG  ]  No samples found: mosdepth
[2021-10-13 20:30:33,705] multiqc                                            [DEBUG  ]  No samples found: phantompeakqualtools
[2021-10-13 20:30:33,711] multiqc                                            [DEBUG  ]  No samples found: qualimap
[2021-10-13 20:30:33,744] multiqc                                            [DEBUG  ]  No samples found: preseq
[2021-10-13 20:30:33,778] multiqc                                            [DEBUG  ]  No samples found: quast
[2021-10-13 20:30:33,829] multiqc                                            [DEBUG  ]  No samples found: qorts
[2021-10-13 20:30:33,869] multiqc                                            [DEBUG  ]  No samples found: rna_seqc
[2021-10-13 20:30:33,941] multiqc                                            [DEBUG  ]  No samples found: rockhopper
[2021-10-13 20:30:33,963] multiqc                                            [DEBUG  ]  No samples found: rsem
[2021-10-13 20:30:34,090] multiqc                                            [DEBUG  ]  No samples found: rseqc
[2021-10-13 20:30:34,111] multiqc                                            [DEBUG  ]  No samples found: busco
[2021-10-13 20:30:34,134] multiqc                                            [DEBUG  ]  No samples found: goleft_indexcov
[2021-10-13 20:30:34,149] multiqc                                            [DEBUG  ]  No samples found: disambiguate
[2021-10-13 20:30:34,206] multiqc                                            [DEBUG  ]  No samples found: supernova
[2021-10-13 20:30:34,318] multiqc                                            [DEBUG  ]  No samples found: deeptools
[2021-10-13 20:30:34,345] multiqc                                            [DEBUG  ]  No samples found: sargasso
[2021-10-13 20:30:34,353] multiqc                                            [DEBUG  ]  No samples found: verifybamid
[2021-10-13 20:30:34,374] multiqc                                            [DEBUG  ]  No samples found: mirtrace
[2021-10-13 20:30:34,388] multiqc                                            [DEBUG  ]  No samples found: happy
[2021-10-13 20:30:34,409] multiqc                                            [DEBUG  ]  No samples found: mirtop
[2021-10-13 20:30:34,445] multiqc                                            [DEBUG  ]  No samples found: homer
[2021-10-13 20:30:34,515] multiqc                                            [DEBUG  ]  No samples found: macs2
[2021-10-13 20:30:34,534] multiqc                                            [DEBUG  ]  No samples found: theta2
[2021-10-13 20:30:34,566] multiqc                                            [DEBUG  ]  No samples found: snpeff
[2021-10-13 20:30:34,604] multiqc                                            [DEBUG  ]  No samples found: gatk
[2021-10-13 20:30:34,622] multiqc                                            [DEBUG  ]  No samples found: htseq
[2021-10-13 20:30:34,688] multiqc                                            [DEBUG  ]  No samples found: bcftools
[2021-10-13 20:30:34,729] multiqc                                            [DEBUG  ]  No samples found: featureCounts
[2021-10-13 20:30:34,812] multiqc                                            [DEBUG  ]  No samples found: fgbio
[2021-10-13 20:30:34,829] multiqc                                            [DEBUG  ]  No samples found: dragen
[2021-10-13 20:30:34,873] multiqc                                            [DEBUG  ]  No samples found: dedup
[2021-10-13 20:30:34,902] multiqc                                            [DEBUG  ]  No samples found: damageprofiler
[2021-10-13 20:30:34,987] multiqc                                            [DEBUG  ]  No samples found: biobambam2
[2021-10-13 20:30:35,042] multiqc                                            [DEBUG  ]  No samples found: mtnucratio
[2021-10-13 20:30:35,046] multiqc                                            [DEBUG  ]  No samples found: picard
[2021-10-13 20:30:35,078] multiqc                                            [DEBUG  ]  No samples found: prokka
[2021-10-13 20:30:35,097] multiqc                                            [DEBUG  ]  No samples found: samblaster
[2021-10-13 20:30:35,121] multiqc                                            [DEBUG  ]  No samples found: samtools
[2021-10-13 20:30:35,168] multiqc                                            [DEBUG  ]  No samples found: sexdeterrmine
[2021-10-13 20:30:35,188] multiqc                                            [DEBUG  ]  No samples found: bamtools
[2021-10-13 20:30:35,208] multiqc                                            [DEBUG  ]  No samples found: jellyfish
[2021-10-13 20:30:35,287] multiqc                                            [DEBUG  ]  No samples found: vcftools
[2021-10-13 20:30:35,318] multiqc                                            [DEBUG  ]  No samples found: longranger
[2021-10-13 20:30:35,325] multiqc                                            [DEBUG  ]  No samples found: stacks
[2021-10-13 20:30:35,343] multiqc                                            [DEBUG  ]  No samples found: varscan2
[2021-10-13 20:30:35,450] multiqc                                            [DEBUG  ]  No samples found: bbmap
[2021-10-13 20:30:35,458] multiqc                                            [DEBUG  ]  No samples found: bismark
[2021-10-13 20:30:35,476] multiqc                                            [DEBUG  ]  No samples found: biscuit
[2021-10-13 20:30:35,497] multiqc                                            [DEBUG  ]  No samples found: hicexplorer
[2021-10-13 20:30:35,505] multiqc                                            [DEBUG  ]  No samples found: hicup
[2021-10-13 20:30:35,540] multiqc                                            [DEBUG  ]  No samples found: hicpro
[2021-10-13 20:30:35,574] multiqc                                            [DEBUG  ]  No samples found: salmon
[2021-10-13 20:30:35,606] multiqc                                            [DEBUG  ]  No samples found: kallisto
[2021-10-13 20:30:35,623] multiqc                                            [DEBUG  ]  No samples found: slamdunk
[2021-10-13 20:30:35,631] multiqc                                            [DEBUG  ]  No samples found: star
[2021-10-13 20:30:35,658] multiqc                                            [DEBUG  ]  No samples found: hisat2
[2021-10-13 20:30:35,731] multiqc                                            [DEBUG  ]  No samples found: tophat
[2021-10-13 20:30:35,738] multiqc                                            [DEBUG  ]  No samples found: bowtie2
[2021-10-13 20:30:35,746] multiqc                                            [DEBUG  ]  No samples found: bowtie1
[2021-10-13 20:30:35,773] multiqc                                            [DEBUG  ]  No samples found: snpsplit
[2021-10-13 20:30:35,781] multiqc                                            [DEBUG  ]  No samples found: kat
[2021-10-13 20:30:35,791] multiqc                                            [DEBUG  ]  No samples found: leehom
[2021-10-13 20:30:35,817] multiqc                                            [DEBUG  ]  No samples found: adapterRemoval
[2021-10-13 20:30:35,834] multiqc                                            [DEBUG  ]  No samples found: clipandmerge
[2021-10-13 20:30:35,842] multiqc                                            [DEBUG  ]  No samples found: cutadapt
[2021-10-13 20:30:35,857] multiqc                                            [DEBUG  ]  No samples found: flexbar
[2021-10-13 20:30:35,883] multiqc                                            [DEBUG  ]  No samples found: kaiju
[2021-10-13 20:30:35,891] multiqc                                            [DEBUG  ]  No samples found: kraken
[2021-10-13 20:30:35,916] multiqc                                            [DEBUG  ]  No samples found: malt
[2021-10-13 20:30:35,950] multiqc                                            [DEBUG  ]  No samples found: trimmomatic
[2021-10-13 20:30:35,963] multiqc                                            [DEBUG  ]  No samples found: sickle
[2021-10-13 20:30:35,988] multiqc                                            [DEBUG  ]  No samples found: skewer
[2021-10-13 20:30:36,025] multiqc                                            [DEBUG  ]  No samples found: sortmerna
[2021-10-13 20:30:36,042] multiqc                                            [DEBUG  ]  No samples found: biobloomtools
[2021-10-13 20:30:36,077] multiqc                                            [DEBUG  ]  No samples found: fastq_screen
[2021-10-13 20:30:36,103] multiqc                                            [DEBUG  ]  No samples found: afterqc
[2021-10-13 20:30:36,121] multiqc.modules.fastp.fastp                        [INFO   ]  Found 2 reports
[2021-10-13 20:30:36,179] multiqc                                            [DEBUG  ]  No samples found: fastqc
[2021-10-13 20:30:36,205] multiqc                                            [DEBUG  ]  No samples found: pycoqc
[2021-10-13 20:30:36,231] multiqc                                            [DEBUG  ]  No samples found: minionqc
[2021-10-13 20:30:36,254] multiqc                                            [DEBUG  ]  No samples found: multivcfanalyzer
[2021-10-13 20:30:36,261] multiqc                                            [DEBUG  ]  No samples found: clusterflow
[2021-10-13 20:30:36,280] multiqc                                            [DEBUG  ]  No samples found: bcl2fastq
[2021-10-13 20:30:36,287] multiqc                                            [DEBUG  ]  No samples found: interop
[2021-10-13 20:30:36,307] multiqc                                            [DEBUG  ]  No samples found: ivar
[2021-10-13 20:30:36,315] multiqc                                            [DEBUG  ]  No samples found: flash
[2021-10-13 20:30:36,344] multiqc                                            [DEBUG  ]  No samples found: seqyclean
[2021-10-13 20:30:36,350] multiqc                                            [INFO   ]  Compressing plot data
[2021-10-13 20:30:36,552] multiqc                                            [INFO   ]  Report      : fq_fp1/1st_fastp_report.html
[2021-10-13 20:30:36,553] multiqc                                            [INFO   ]  Data        : fq_fp1/1st_fastp_report_data
[2021-10-13 20:30:36,553] multiqc                                            [DEBUG  ]  Moving data file from '/tmp/tmp2u3t7x3k/multiqc_data' to '/work/hobi/jselwyn/Coryphopterus_Genome/fq_fp1/1st_fastp_report_data'
[2021-10-13 20:30:37,529] multiqc                                            [INFO   ]  MultiQC complete
